
-----
Test: tests/test_google_maps_api.py::Test_create_place::test_create_new_place (call)
Time: 2023-02-05 20:29:04.736081
Request method: POST
Request URL: https://rahulshettyacademy.com/maps/api/place/add/json?key=qaclick123

Response code: 200
Response text: {"status":"OK","place_id":"9cebedf61fc9be0c26fb0b6c1aa5e3cb","scope":"APP","reference":"1e068c682f866aff231d2e9069b2c0271e068c682f866aff231d2e9069b2c027","id":"1e068c682f866aff231d2e9069b2c027"}
Response headers: {'Date': 'Sun, 05 Feb 2023 13:29:08 GMT', 'Server': 'Apache/2.4.41 (Ubuntu)', 'Access-Control-Allow-Origin': '*', 'Access-Control-Allow-Methods': 'POST', 'Access-Control-Max-Age': '3600', 'Access-Control-Allow-Headers': 'Content-Type, Access-Control-Allow-Headers, Authorization, X-Requested-With', 'Content-Length': '194', 'Keep-Alive': 'timeout=5, max=100', 'Connection': 'Keep-Alive', 'Content-Type': 'application/json;charset=UTF-8'}
Response cookies: {}

-----

-----
Test: tests/test_google_maps_api.py::Test_create_place::test_create_new_place (call)
Time: 2023-02-05 20:29:05.486906
Request method: GET
Request URL: https://rahulshettyacademy.com/maps/api/place/get/json?key=qaclick123&place_id=9cebedf61fc9be0c26fb0b6c1aa5e3cb

Response code: 200
Response text: {"location":{"latitude":"-38.383494","longitude":"33.427362"},"accuracy":"50","name":"Frontline house","phone_number":"(+91) 983 893 3937","address":"29, side layout, cohen 09","types":"shoe park,shop","website":"http:\/\/google.com","language":"French-IN"}
Response headers: {'Date': 'Sun, 05 Feb 2023 13:29:09 GMT', 'Server': 'Apache/2.4.41 (Ubuntu)', 'Access-Control-Allow-Origin': '*', 'Access-Control-Allow-Methods': 'POST', 'Access-Control-Max-Age': '3600', 'Access-Control-Allow-Headers': 'Content-Type, Access-Control-Allow-Headers, Authorization, X-Requested-With', 'Content-Length': '257', 'Keep-Alive': 'timeout=5, max=100', 'Connection': 'Keep-Alive', 'Content-Type': 'application/json;charset=UTF-8'}
Response cookies: {}

-----

-----
Test: tests/test_google_maps_api.py::Test_create_place::test_create_new_place (call)
Time: 2023-02-05 20:29:06.938522
Request method: PUT
Request URL: https://rahulshettyacademy.com/maps/api/place/update/json?key=qaclick123

Response code: 200
Response text: {"msg":"Address successfully updated"}
Response headers: {'Date': 'Sun, 05 Feb 2023 13:29:10 GMT', 'Server': 'Apache/2.4.41 (Ubuntu)', 'Access-Control-Allow-Origin': '*', 'Access-Control-Allow-Methods': 'POST', 'Access-Control-Max-Age': '3600', 'Access-Control-Allow-Headers': 'Content-Type, Access-Control-Allow-Headers, Authorization, X-Requested-With', 'Content-Length': '38', 'Keep-Alive': 'timeout=5, max=100', 'Connection': 'Keep-Alive', 'Content-Type': 'application/json;charset=UTF-8'}
Response cookies: {}

-----

-----
Test: tests/test_google_maps_api.py::Test_create_place::test_create_new_place (call)
Time: 2023-02-05 20:29:08.284680
Request method: GET
Request URL: https://rahulshettyacademy.com/maps/api/place/get/json?key=qaclick123&place_id=9cebedf61fc9be0c26fb0b6c1aa5e3cb

Response code: 200
Response text: {"location":{"latitude":"-38.383494","longitude":"33.427362"},"accuracy":"50","name":"Frontline house","phone_number":"(+91) 983 893 3937","address":"100 Lenina street, RU","types":"shoe park,shop","website":"http:\/\/google.com","language":"French-IN"}
Response headers: {'Date': 'Sun, 05 Feb 2023 13:29:12 GMT', 'Server': 'Apache/2.4.41 (Ubuntu)', 'Access-Control-Allow-Origin': '*', 'Access-Control-Allow-Methods': 'POST', 'Access-Control-Max-Age': '3600', 'Access-Control-Allow-Headers': 'Content-Type, Access-Control-Allow-Headers, Authorization, X-Requested-With', 'Content-Length': '253', 'Keep-Alive': 'timeout=5, max=100', 'Connection': 'Keep-Alive', 'Content-Type': 'application/json;charset=UTF-8'}
Response cookies: {}

-----

-----
Test: tests/test_google_maps_api.py::Test_create_place::test_create_new_place (call)
Time: 2023-02-05 20:29:09.389602
Request method: DELETE
Request URL: https://rahulshettyacademy.com/maps/api/place/delete/json?key=qaclick123

Response code: 200
Response text: {"status":"OK"}
Response headers: {'Date': 'Sun, 05 Feb 2023 13:29:13 GMT', 'Server': 'Apache/2.4.41 (Ubuntu)', 'Access-Control-Allow-Origin': '*', 'Access-Control-Allow-Methods': 'POST', 'Access-Control-Max-Age': '3600', 'Access-Control-Allow-Headers': 'Content-Type, Access-Control-Allow-Headers, Authorization, X-Requested-With', 'Content-Length': '15', 'Keep-Alive': 'timeout=5, max=100', 'Connection': 'Keep-Alive', 'Content-Type': 'application/json;charset=UTF-8'}
Response cookies: {}

-----

-----
Test: tests/test_google_maps_api.py::Test_create_place::test_create_new_place (call)
Time: 2023-02-05 20:29:10.772589
Request method: GET
Request URL: https://rahulshettyacademy.com/maps/api/place/get/json?key=qaclick123&place_id=9cebedf61fc9be0c26fb0b6c1aa5e3cb

Response code: 404
Response text: {"msg":"Get operation failed, looks like place_id  doesn't exists"}
Response headers: {'Date': 'Sun, 05 Feb 2023 13:29:14 GMT', 'Server': 'Apache/2.4.41 (Ubuntu)', 'Access-Control-Allow-Origin': '*', 'Access-Control-Allow-Methods': 'POST', 'Access-Control-Max-Age': '3600', 'Access-Control-Allow-Headers': 'Content-Type, Access-Control-Allow-Headers, Authorization, X-Requested-With', 'Content-Length': '67', 'Keep-Alive': 'timeout=5, max=100', 'Connection': 'Keep-Alive', 'Content-Type': 'application/json;charset=UTF-8'}
Response cookies: {}

-----
